<?xml version="1.0" encoding="UTF-8"?>
<testsuite name="com.pedro.gestaoresiduos.ValidacaoTest" tests="2" skipped="0" failures="0" errors="0" timestamp="2025-11-12T18:31:35.101Z" hostname="PEDRO" time="0.008">
  <properties/>
  <testcase name="validarEmailIncorreto" classname="com.pedro.gestaoresiduos.ValidacaoTest" time="0.007"/>
  <testcase name="validarEmailCorreto" classname="com.pedro.gestaoresiduos.ValidacaoTest" time="0.0"/>
  <system-out><![CDATA[]]></system-out>
  <system-err><![CDATA[]]></system-err>
</testsuite>
